<?xml version="1.0" encoding="UTF-8"?>
<TestRun id="962469f9-0566-42f4-b574-a80e3580fdb0" name="Robot@ROBOT-PC 2011-04-25 12:41:29" runUser="Robot-PC\Robot" xmlns="http://microsoft.com/schemas/VisualStudio/TeamTest/2010">
  <TestSettings name="Local" id="af7ee98d-53a5-42d3-99c3-06f80d3ef6f1">
    <Description>These are default test settings for a local test run.</Description>
    <Deployment enabled="false" runDeploymentRoot="Robot_ROBOT-PC 2011-04-25 12_41_29">
      <DeploymentItem filename="c:\PrismV4\Bin\Desktop\Microsoft.Practices.Unity.dll" />
      <DeploymentItem filename="c:\temp\WpfLab\WpfLab\bin\Debug\WpfLab.exe" />
    </Deployment>
    <Execution>
      <TestTypeSpecific />
      <AgentRule name="Execution Agents">
      </AgentRule>
    </Execution>
  </TestSettings>
  <Times creation="2011-04-25T12:41:29.8341330+02:00" queuing="2011-04-25T12:41:30.4112814+02:00" start="2011-04-25T12:41:31.4249533+02:00" finish="2011-04-25T12:41:36.4190939+02:00" />
  <ResultSummary outcome="Completed">
    <Counters total="1" executed="1" passed="1" error="0" failed="0" timeout="0" aborted="0" inconclusive="0" passedButRunAborted="0" notRunnable="0" notExecuted="0" disconnected="0" warning="0" completed="0" inProgress="0" pending="0" />
  </ResultSummary>
  <TestDefinitions>
    <UnitTest name="MainWindowViewModel_OpenFirstPopupCommand" storage="c:\temp\wpflab\wpflab.tests\bin\debug\wpflab.tests.dll" id="626f9452-c77d-fdfe-f164-d568c385e6ff">
      <Execution id="6b5074f6-7742-4da2-93dd-cf7c5088a975" />
      <TestMethod codeBase="c:/temp/WpfLab/WpfLab.Tests/bin/Debug/WpfLab.Tests.DLL" adapterTypeName="Microsoft.VisualStudio.TestTools.TestTypes.Unit.UnitTestAdapter, Microsoft.VisualStudio.QualityTools.Tips.UnitTest.Adapter, Version=10.0.0.0, Culture=neutral, PublicKeyToken=b03f5f7f11d50a3a" className="WpfLab.Tests.Desktop.ViewModel.MainWindowViewModelFixture, WpfLab.Tests, Version=1.0.0.0, Culture=neutral, PublicKeyToken=null" name="MainWindowViewModel_OpenFirstPopupCommand" />
    </UnitTest>
  </TestDefinitions>
  <TestLists>
    <TestList name="Results Not in a List" id="8c84fa94-04c1-424b-9868-57a2d4851a1d" />
    <TestList name="All Loaded Results" id="19431567-8539-422a-85d7-44ee4e166bda" />
  </TestLists>
  <TestEntries>
    <TestEntry testId="626f9452-c77d-fdfe-f164-d568c385e6ff" executionId="6b5074f6-7742-4da2-93dd-cf7c5088a975" testListId="8c84fa94-04c1-424b-9868-57a2d4851a1d" />
  </TestEntries>
  <Results>
    <UnitTestResult executionId="6b5074f6-7742-4da2-93dd-cf7c5088a975" testId="626f9452-c77d-fdfe-f164-d568c385e6ff" testName="MainWindowViewModel_OpenFirstPopupCommand" computerName="ROBOT-PC" duration="00:00:00.4511981" startTime="2011-04-25T12:41:32.1905783+02:00" endTime="2011-04-25T12:41:35.9708517+02:00" testType="13cdc9d9-ddb5-4fa4-a97d-d965ccfc6d4b" outcome="Passed" testListId="8c84fa94-04c1-424b-9868-57a2d4851a1d" relativeResultsDirectory="6b5074f6-7742-4da2-93dd-cf7c5088a975">
    </UnitTestResult>
  </Results>
</TestRun>