<?xml version="1.0" encoding="UTF-8"?>
<TestRun id="729b0408-63e8-402c-9698-c92304485bc2" name="Robot@ROBOT-PC 2011-04-24 15:22:32" runUser="Robot-PC\Robot" xmlns="http://microsoft.com/schemas/VisualStudio/TeamTest/2010">
  <TestSettings name="Local" id="af7ee98d-53a5-42d3-99c3-06f80d3ef6f1">
    <Description>These are default test settings for a local test run.</Description>
    <Deployment enabled="false" runDeploymentRoot="Robot_ROBOT-PC 2011-04-24 15_22_32">
      <DeploymentItem filename="c:\PrismV4\Bin\Desktop\Microsoft.Practices.Unity.dll" />
      <DeploymentItem filename="c:\temp\WpfLab\WpfLab\bin\Debug\WpfLab.exe" />
    </Deployment>
    <Execution>
      <TestTypeSpecific />
      <AgentRule name="Execution Agents">
      </AgentRule>
    </Execution>
  </TestSettings>
  <Times creation="2011-04-24T15:22:32.3222656+02:00" queuing="2011-04-24T15:22:32.3535156+02:00" start="2011-04-24T15:22:32.8906250+02:00" finish="2011-04-24T15:22:35.3037109+02:00" />
  <ResultSummary outcome="Failed">
    <Counters total="1" executed="1" error="0" failed="1" timeout="0" aborted="0" inconclusive="0" passedButRunAborted="0" notRunnable="0" notExecuted="0" disconnected="0" warning="0" passed="0" completed="0" inProgress="0" pending="0" />
  </ResultSummary>
  <TestDefinitions>
    <UnitTest name="ChildWindowViewModel_OpenCommand" storage="c:\temp\wpflab\wpflab.tests\bin\debug\wpflab.tests.dll" id="558c12f2-b927-a569-88c0-60378505220d">
      <Execution id="bf90277d-1e34-4230-9578-235907baf96d" />
      <TestMethod codeBase="c:/temp/WpfLab/WpfLab.Tests/bin/Debug/WpfLab.Tests.DLL" adapterTypeName="Microsoft.VisualStudio.TestTools.TestTypes.Unit.UnitTestAdapter, Microsoft.VisualStudio.QualityTools.Tips.UnitTest.Adapter, Version=10.0.0.0, Culture=neutral, PublicKeyToken=b03f5f7f11d50a3a" className="WpfLab.Tests.Desktop.ViewModel.ChildWindowViewModelFixture, WpfLab.Tests, Version=1.0.0.0, Culture=neutral, PublicKeyToken=null" name="ChildWindowViewModel_OpenCommand" />
    </UnitTest>
  </TestDefinitions>
  <TestLists>
    <TestList name="Results Not in a List" id="8c84fa94-04c1-424b-9868-57a2d4851a1d" />
    <TestList name="All Loaded Results" id="19431567-8539-422a-85d7-44ee4e166bda" />
  </TestLists>
  <TestEntries>
    <TestEntry testId="558c12f2-b927-a569-88c0-60378505220d" executionId="bf90277d-1e34-4230-9578-235907baf96d" testListId="8c84fa94-04c1-424b-9868-57a2d4851a1d" />
  </TestEntries>
  <Results>
    <UnitTestResult executionId="bf90277d-1e34-4230-9578-235907baf96d" testId="558c12f2-b927-a569-88c0-60378505220d" testName="ChildWindowViewModel_OpenCommand" computerName="ROBOT-PC" duration="00:00:00.1987481" startTime="2011-04-24T15:22:33.1972656+02:00" endTime="2011-04-24T15:22:34.4531250+02:00" testType="13cdc9d9-ddb5-4fa4-a97d-d965ccfc6d4b" outcome="Failed" testListId="8c84fa94-04c1-424b-9868-57a2d4851a1d" relativeResultsDirectory="bf90277d-1e34-4230-9578-235907baf96d">
      <Output>
        <ErrorInfo>
          <Message>Assert.IsTrue failed. </Message>
          <StackTrace>   at WpfLab.Tests.Desktop.ViewModel.ChildWindowViewModelFixture.ChildWindowViewModel_OpenCommand() in c:\temp\WpfLab\WpfLab.Tests\Desktop\ViewModel\ChildWindowViewModelFixture.cs:line 57
</StackTrace>
        </ErrorInfo>
      </Output>
    </UnitTestResult>
  </Results>
</TestRun>