<?xml version="1.0" encoding="UTF-8"?>
<TestRun id="cff7fe09-0c82-4ca9-9b25-e6a4b75bf8a5" name="Robot@ROBOT-PC 2011-04-25 09:27:51" runUser="Robot-PC\Robot" xmlns="http://microsoft.com/schemas/VisualStudio/TeamTest/2010">
  <TestSettings name="Local" id="af7ee98d-53a5-42d3-99c3-06f80d3ef6f1">
    <Description>These are default test settings for a local test run.</Description>
    <Deployment enabled="false" runDeploymentRoot="Robot_ROBOT-PC 2011-04-25 09_27_51">
      <DeploymentItem filename="c:\PrismV4\Bin\Desktop\Microsoft.Practices.Unity.dll" />
      <DeploymentItem filename="c:\temp\WpfLab\WpfLab\bin\Debug\WpfLab.exe" />
    </Deployment>
    <Execution>
      <TestTypeSpecific />
      <AgentRule name="Execution Agents">
      </AgentRule>
    </Execution>
  </TestSettings>
  <Times creation="2011-04-25T09:27:51.6388205+02:00" queuing="2011-04-25T09:27:51.9249533+02:00" start="2011-04-25T09:27:52.2462424+02:00" finish="2011-04-25T09:27:53.6944846+02:00" />
  <ResultSummary outcome="Completed">
    <Counters total="2" executed="2" passed="2" error="0" failed="0" timeout="0" aborted="0" inconclusive="0" passedButRunAborted="0" notRunnable="0" notExecuted="0" disconnected="0" warning="0" completed="0" inProgress="0" pending="0" />
  </ResultSummary>
  <TestDefinitions>
    <UnitTest name="ChildWindowNestedViewModel_CancelCommand" storage="c:\temp\wpflab\wpflab.tests\bin\debug\wpflab.tests.dll" id="c79da894-54b7-6f4c-d79b-43913e1b4e46">
      <Execution id="6b126490-ded5-4412-aa60-2d54755a762e" />
      <TestMethod codeBase="c:/temp/WpfLab/WpfLab.Tests/bin/Debug/WpfLab.Tests.DLL" adapterTypeName="Microsoft.VisualStudio.TestTools.TestTypes.Unit.UnitTestAdapter, Microsoft.VisualStudio.QualityTools.Tips.UnitTest.Adapter, Version=10.0.0.0, Culture=neutral, PublicKeyToken=b03f5f7f11d50a3a" className="WpfLab.Tests.Desktop.ViewModel.ChildWindowNestedViewModelFixture, WpfLab.Tests, Version=1.0.0.0, Culture=neutral, PublicKeyToken=null" name="ChildWindowNestedViewModel_CancelCommand" />
    </UnitTest>
    <UnitTest name="ChildWindowNestedViewModel_OkCommand" storage="c:\temp\wpflab\wpflab.tests\bin\debug\wpflab.tests.dll" id="352c5a12-84cc-dd14-d545-4bf6676e76c9">
      <Execution id="c1f85934-a94f-4766-bf4b-93adffef9348" />
      <TestMethod codeBase="c:/temp/WpfLab/WpfLab.Tests/bin/Debug/WpfLab.Tests.DLL" adapterTypeName="Microsoft.VisualStudio.TestTools.TestTypes.Unit.UnitTestAdapter, Microsoft.VisualStudio.QualityTools.Tips.UnitTest.Adapter, Version=10.0.0.0, Culture=neutral, PublicKeyToken=b03f5f7f11d50a3a" className="WpfLab.Tests.Desktop.ViewModel.ChildWindowNestedViewModelFixture, WpfLab.Tests, Version=1.0.0.0, Culture=neutral, PublicKeyToken=null" name="ChildWindowNestedViewModel_OkCommand" />
    </UnitTest>
  </TestDefinitions>
  <TestLists>
    <TestList name="Results Not in a List" id="8c84fa94-04c1-424b-9868-57a2d4851a1d" />
    <TestList name="All Loaded Results" id="19431567-8539-422a-85d7-44ee4e166bda" />
  </TestLists>
  <TestEntries>
    <TestEntry testId="352c5a12-84cc-dd14-d545-4bf6676e76c9" executionId="c1f85934-a94f-4766-bf4b-93adffef9348" testListId="8c84fa94-04c1-424b-9868-57a2d4851a1d" />
    <TestEntry testId="c79da894-54b7-6f4c-d79b-43913e1b4e46" executionId="6b126490-ded5-4412-aa60-2d54755a762e" testListId="8c84fa94-04c1-424b-9868-57a2d4851a1d" />
  </TestEntries>
  <Results>
    <UnitTestResult executionId="c1f85934-a94f-4766-bf4b-93adffef9348" testId="352c5a12-84cc-dd14-d545-4bf6676e76c9" testName="ChildWindowNestedViewModel_OkCommand" computerName="ROBOT-PC" duration="00:00:00.1956592" startTime="2011-04-25T09:27:52.6905783+02:00" endTime="2011-04-25T09:27:53.3214377+02:00" testType="13cdc9d9-ddb5-4fa4-a97d-d965ccfc6d4b" outcome="Passed" testListId="8c84fa94-04c1-424b-9868-57a2d4851a1d" relativeResultsDirectory="c1f85934-a94f-4766-bf4b-93adffef9348">
    </UnitTestResult>
    <UnitTestResult executionId="6b126490-ded5-4412-aa60-2d54755a762e" testId="c79da894-54b7-6f4c-d79b-43913e1b4e46" testName="ChildWindowNestedViewModel_CancelCommand" computerName="ROBOT-PC" duration="00:00:00.0017083" startTime="2011-04-25T09:27:53.3351096+02:00" endTime="2011-04-25T09:27:53.3478049+02:00" testType="13cdc9d9-ddb5-4fa4-a97d-d965ccfc6d4b" outcome="Passed" testListId="8c84fa94-04c1-424b-9868-57a2d4851a1d" relativeResultsDirectory="6b126490-ded5-4412-aa60-2d54755a762e">
    </UnitTestResult>
  </Results>
</TestRun>