<?xml version="1.0" encoding="UTF-8"?>
<TestRun id="22ad93a9-cf83-4123-aadc-d19c10fd8baf" name="Robot@ROBOT-PC 2011-04-25 09:27:37" runUser="Robot-PC\Robot" xmlns="http://microsoft.com/schemas/VisualStudio/TeamTest/2010">
  <TestSettings name="Local" id="af7ee98d-53a5-42d3-99c3-06f80d3ef6f1">
    <Description>These are default test settings for a local test run.</Description>
    <Deployment enabled="false" runDeploymentRoot="Robot_ROBOT-PC 2011-04-25 09_27_37">
      <DeploymentItem filename="c:\PrismV4\Bin\Desktop\Microsoft.Practices.Unity.dll" />
      <DeploymentItem filename="c:\temp\WpfLab\WpfLab\bin\Debug\WpfLab.exe" />
    </Deployment>
    <Execution>
      <TestTypeSpecific />
      <AgentRule name="Execution Agents">
      </AgentRule>
    </Execution>
  </TestSettings>
  <Times creation="2011-04-25T09:27:37.9972189+02:00" queuing="2011-04-25T09:27:41.5938986+02:00" start="2011-04-25T09:27:42.1134299+02:00" finish="2011-04-25T09:27:44.0069846+02:00" />
  <ResultSummary outcome="Completed">
    <Counters total="1" executed="1" passed="1" error="0" failed="0" timeout="0" aborted="0" inconclusive="0" passedButRunAborted="0" notRunnable="0" notExecuted="0" disconnected="0" warning="0" completed="0" inProgress="0" pending="0" />
  </ResultSummary>
  <TestDefinitions>
    <UnitTest name="ChildWindowNestedViewModel_OkCommand" storage="c:\temp\wpflab\wpflab.tests\bin\debug\wpflab.tests.dll" id="352c5a12-84cc-dd14-d545-4bf6676e76c9">
      <Execution id="ccc4cc1e-1d3f-4290-8955-b58fe8fb64e5" />
      <TestMethod codeBase="c:/temp/WpfLab/WpfLab.Tests/bin/Debug/WpfLab.Tests.DLL" adapterTypeName="Microsoft.VisualStudio.TestTools.TestTypes.Unit.UnitTestAdapter, Microsoft.VisualStudio.QualityTools.Tips.UnitTest.Adapter, Version=10.0.0.0, Culture=neutral, PublicKeyToken=b03f5f7f11d50a3a" className="WpfLab.Tests.Desktop.ViewModel.ChildWindowNestedViewModelFixture, WpfLab.Tests, Version=1.0.0.0, Culture=neutral, PublicKeyToken=null" name="ChildWindowNestedViewModel_OkCommand" />
    </UnitTest>
  </TestDefinitions>
  <TestLists>
    <TestList name="Results Not in a List" id="8c84fa94-04c1-424b-9868-57a2d4851a1d" />
    <TestList name="All Loaded Results" id="19431567-8539-422a-85d7-44ee4e166bda" />
  </TestLists>
  <TestEntries>
    <TestEntry testId="352c5a12-84cc-dd14-d545-4bf6676e76c9" executionId="ccc4cc1e-1d3f-4290-8955-b58fe8fb64e5" testListId="8c84fa94-04c1-424b-9868-57a2d4851a1d" />
  </TestEntries>
  <Results>
    <UnitTestResult executionId="ccc4cc1e-1d3f-4290-8955-b58fe8fb64e5" testId="352c5a12-84cc-dd14-d545-4bf6676e76c9" testName="ChildWindowNestedViewModel_OkCommand" computerName="ROBOT-PC" duration="00:00:00.3217668" startTime="2011-04-25T09:27:42.1905783+02:00" endTime="2011-04-25T09:27:43.6349142+02:00" testType="13cdc9d9-ddb5-4fa4-a97d-d965ccfc6d4b" outcome="Passed" testListId="8c84fa94-04c1-424b-9868-57a2d4851a1d" relativeResultsDirectory="ccc4cc1e-1d3f-4290-8955-b58fe8fb64e5">
    </UnitTestResult>
  </Results>
</TestRun>